#
# A fatal error has been detected by the Java Runtime Environment:
#
#  EXCEPTION_ACCESS_VIOLATION (0xc0000005) at pc=0x0000000067bf466e, pid=5528, tid=0x0000000000001d00
#
# JRE version: OpenJDK Runtime Environment (8.0_152-b02) (build 1.8.0_152-release-1024-b02)
# Java VM: OpenJDK 64-Bit Server VM (25.152-b02 mixed mode windows-amd64 compressed oops)
# Problematic frame:
# V  [jvm.dll+0x10466e]
#
# Failed to write core dump. Minidumps are not enabled by default on client versions of Windows
#
# If you would like to submit a bug report, please visit:
#   http://bugreport.java.com/bugreport/crash.jsp
#

---------------  T H R E A D  ---------------

Current thread (0x0000000017bde800):  JavaThread "C1 CompilerThread2" daemon [_thread_in_vm, id=7424, stack(0x0000000017950000,0x0000000017a50000)]

siginfo: ExceptionCode=0xc0000005, reading address 0x000000005b9b2920

Registers:
RAX=0x0000000021e7ffe0, RBX=0x000000014028aff8, RCX=0x8d293f05ad890000, RDX=0x0000000000000000
RSP=0x0000000017a4e4a0, RBP=0x000000001f1c4e10, RSI=0x000000000212e360, RDI=0x0000000000000000
R8 =0x0000000000000042, R9 =0x0000000000000042, R10=0x000000000000002b, R11=0x0000000021e7ffe0
R12=0x000000005b9b2920, R13=0x000000005b9b2920, R14=0x000000000000001b, R15=0x0000000017a4e700
RIP=0x0000000067bf466e, EFLAGS=0x0000000000010206

Top of Stack: (sp=0x0000000017a4e4a0)
0x0000000017a4e4a0:   000000005b9b2920 0000000067b88d1f
0x0000000017a4e4b0:   0000000017a4e700 000000014028dc00
0x0000000017a4e4c0:   000000001f1c4e10 0000000017bde800
0x0000000017a4e4d0:   000000005b9b2920 0000000067b8aa2f
0x0000000017a4e4e0:   000000014028aff8 0000000017bc0de0
0x0000000017a4e4f0:   000000000212e360 0000000000000000
0x0000000017a4e500:   000000014028dc00 0000000000000000
0x0000000017a4e510:   0000000000000000 0000000017bde800
0x0000000017a4e520:   0000000021ed6d90 0000000000000005
0x0000000017a4e530:   0000000000010388 0000000021e7f590
0x0000000017a4e540:   0000000021e87578 0000000021e7ffe0
0x0000000017a4e550:   0000000017bde800 0000000067b4669d
0x0000000017a4e560:   0000000000000001 0000000019a40e80
0x0000000017a4e570:   000000000000000c 0000000067bd8c45
0x0000000017a4e580:   00000000235eb2e8 0000000000000006
0x0000000017a4e590:   00000000235eb020 0000000017bde800 

Instructions: (pc=0x0000000067bf466e)
0x0000000067bf464e:   18 48 89 7c 24 20 41 54 41 55 41 56 48 83 ec 20
0x0000000067bf465e:   4d 8b e8 48 8b ea e8 d7 b8 ff ff 44 0f b7 75 00
0x0000000067bf466e:   45 0f b7 65 00 48 83 c9 ff 48 8b d8 33 c0 45 03
0x0000000067bf467e:   e6 48 8b fb f2 ae 48 f7 d1 44 03 e1 48 8d 71 ff 


Register to memory mapping:

RAX=0x0000000021e7ffe0 is an unknown value
RBX=0x000000014028aff8 is pointing into metadata
RCX=0x8d293f05ad890000 is an unknown value
RDX=0x0000000000000000 is an unknown value
RSP=0x0000000017a4e4a0 is pointing into the stack for thread: 0x0000000017bde800
RBP=0x000000001f1c4e10 is an unknown value
RSI=0x000000000212e360 is an unknown value
RDI=0x0000000000000000 is an unknown value
R8 =0x0000000000000042 is an unknown value
R9 =0x0000000000000042 is an unknown value
R10=0x000000000000002b is an unknown value
R11=0x0000000021e7ffe0 is an unknown value
R12=0x000000005b9b2920 is an unknown value
R13=0x000000005b9b2920 is an unknown value
R14=0x000000000000001b is an unknown value
R15=0x0000000017a4e700 is pointing into the stack for thread: 0x0000000017bde800


Stack: [0x0000000017950000,0x0000000017a50000],  sp=0x0000000017a4e4a0,  free space=1017k
Native frames: (J=compiled Java code, j=interpreted, Vv=VM code, C=native code)
V  [jvm.dll+0x10466e]
V  [jvm.dll+0x9aa2f]
V  [jvm.dll+0x9b1c5]
V  [jvm.dll+0xbbb1]
V  [jvm.dll+0xbedb]
V  [jvm.dll+0xc03a]
V  [jvm.dll+0x23b0d]
V  [jvm.dll+0x3e7f38]
V  [jvm.dll+0x3eb297]
V  [jvm.dll+0x3ebb8d]
V  [jvm.dll+0x3ebf82]
V  [jvm.dll+0x3f1075]
V  [jvm.dll+0x3f1180]
V  [jvm.dll+0x3da788]
V  [jvm.dll+0x3da9f1]
V  [jvm.dll+0x3dabb2]
V  [jvm.dll+0x3dad81]
V  [jvm.dll+0x3daf8f]
V  [jvm.dll+0x814c8]
V  [jvm.dll+0x81dff]
V  [jvm.dll+0x21d2df]
V  [jvm.dll+0x26d7ea]
C  [msvcr100.dll+0x21d9f]
C  [msvcr100.dll+0x21e3b]
C  [kernel32.dll+0x1652d]
C  [ntdll.dll+0x2c541]


Current CompileTask:
C1: 155907 13925       3       com.android.ide.common.resources.configuration.TextInputMethodQualifier::checkAndSet (34 bytes)


---------------  P R O C E S S  ---------------

Java Threads: ( => current thread )
  0x000000001e378000 JavaThread "Task worker for ':' Thread 3" [_thread_blocked, id=6192, stack(0x0000000023440000,0x0000000023540000)]
  0x000000001e379000 JavaThread "Task worker for ':' Thread 2" [_thread_blocked, id=7188, stack(0x0000000025900000,0x0000000025a00000)]
  0x000000001e375000 JavaThread "Task worker for ':'" [_thread_in_Java, id=8096, stack(0x0000000023120000,0x0000000023220000)]
  0x000000001e376000 JavaThread "Cache worker for Build Output Cleanup Cache (D:\workspace1\ESmartHealth\.gradle\buildOutputCleanup)" [_thread_blocked, id=7808, stack(0x00000000256a0000,0x00000000257a0000)]
  0x0000000019a0e800 JavaThread "Cache worker for task history cache (D:\workspace1\ESmartHealth\.gradle\4.4\taskHistory)" [_thread_blocked, id=1472, stack(0x0000000023c30000,0x0000000023d30000)]
  0x0000000019a0e000 JavaThread "Cache worker for file content cache (D:\workspace1\ESmartHealth\.gradle\4.4\fileContent)" [_thread_blocked, id=5008, stack(0x0000000022980000,0x0000000022a80000)]
  0x0000000019a0d000 JavaThread "build operations Thread 4" [_thread_blocked, id=6068, stack(0x00000000211d0000,0x00000000212d0000)]
  0x0000000019a0b000 JavaThread "build operations Thread 3" [_thread_blocked, id=7028, stack(0x00000000206b0000,0x00000000207b0000)]
  0x0000000019a0c800 JavaThread "build operations Thread 2" [_thread_blocked, id=4764, stack(0x0000000020560000,0x0000000020660000)]
  0x0000000019a0b800 JavaThread "build operations" [_thread_blocked, id=4272, stack(0x000000001b220000,0x000000001b320000)]
  0x0000000019a06800 JavaThread "Cache worker for Artifact transforms cache (C:\Users\EFF-4\.gradle\caches\transforms-1)" [_thread_blocked, id=632, stack(0x000000001ac40000,0x000000001ad40000)]
  0x0000000019a07000 JavaThread "Cache worker for file hash cache (D:\workspace1\ESmartHealth\.gradle\4.4\fileHashes)" [_thread_blocked, id=7916, stack(0x00000000203d0000,0x00000000204d0000)]
  0x0000000019a05000 JavaThread "Stdin handler" [_thread_blocked, id=7616, stack(0x000000001c420000,0x000000001c520000)]
  0x0000000019a05800 JavaThread "Asynchronous log dispatcher for DefaultDaemonConnection: socket connection from /127.0.0.1:41554 to /127.0.0.1:41584" [_thread_blocked, id=1532, stack(0x000000001a960000,0x000000001aa60000)]
  0x0000000019a03800 JavaThread "Daemon worker Thread 2" [_thread_blocked, id=7520, stack(0x000000001aad0000,0x000000001abd0000)]
  0x0000000019a00800 JavaThread "Cancel handler" [_thread_blocked, id=2456, stack(0x000000001a5f0000,0x000000001a6f0000)]
  0x0000000019a04000 JavaThread "Handler for socket connection from /127.0.0.1:41554 to /127.0.0.1:41584" [_thread_in_native, id=6760, stack(0x000000001a230000,0x000000001a330000)]
  0x0000000019a0a000 JavaThread "Daemon Thread 2" [_thread_blocked, id=4144, stack(0x000000001a480000,0x000000001a580000)]
  0x0000000019a08800 JavaThread "Memory manager" [_thread_blocked, id=4944, stack(0x00000000212e0000,0x00000000213e0000)]
  0x0000000019a08000 JavaThread "pool-1-thread-1" [_thread_blocked, id=4864, stack(0x0000000020cc0000,0x0000000020dc0000)]
  0x0000000019a18800 JavaThread "File lock request listener" [_thread_in_native, id=7032, stack(0x000000001b330000,0x000000001b430000)]
  0x000000001973e000 JavaThread "Cache worker for file hash cache (C:\Users\EFF-4\.gradle\caches\4.4\fileHashes)" [_thread_blocked, id=4120, stack(0x000000001b0a0000,0x000000001b1a0000)]
  0x000000001950e800 JavaThread "Daemon periodic checks" [_thread_blocked, id=204, stack(0x000000001a370000,0x000000001a470000)]
  0x000000001956e800 JavaThread "Incoming local TCP Connector on port 41554" [_thread_in_native, id=2656, stack(0x0000000018cb0000,0x0000000018db0000)]
  0x0000000017c3b000 JavaThread "Service Thread" daemon [_thread_blocked, id=7288, stack(0x0000000018260000,0x0000000018360000)]
=>0x0000000017bde800 JavaThread "C1 CompilerThread2" daemon [_thread_in_vm, id=7424, stack(0x0000000017950000,0x0000000017a50000)]
  0x0000000017bc0800 JavaThread "C2 CompilerThread1" daemon [_thread_in_native, id=5292, stack(0x0000000017fc0000,0x00000000180c0000)]
  0x00000000161f3800 JavaThread "C2 CompilerThread0" daemon [_thread_in_native, id=360, stack(0x0000000017ac0000,0x0000000017bc0000)]
  0x00000000161f0000 JavaThread "Attach Listener" daemon [_thread_blocked, id=8020, stack(0x00000000173e0000,0x00000000174e0000)]
  0x00000000161ee800 JavaThread "Signal Dispatcher" daemon [_thread_blocked, id=4324, stack(0x0000000017820000,0x0000000017920000)]
  0x00000000161d8000 JavaThread "Finalizer" daemon [_thread_blocked, id=5600, stack(0x00000000176c0000,0x00000000177c0000)]
  0x0000000016191000 JavaThread "Reference Handler" daemon [_thread_blocked, id=2172, stack(0x0000000017540000,0x0000000017640000)]
  0x00000000021ce800 JavaThread "main" [_thread_blocked, id=4620, stack(0x00000000021f0000,0x00000000022f0000)]

Other Threads:
  0x0000000016189800 VMThread [stack: 0x0000000017280000,0x0000000017380000] [id=3000]
  0x0000000017c3e800 WatcherThread [stack: 0x0000000018390000,0x0000000018490000] [id=7388]

VM state:not at safepoint (normal execution)

VM Mutex/Monitor currently owned by a thread: None

Heap:
 PSYoungGen      total 406528K, used 51051K [0x00000000e0000000, 0x0000000100000000, 0x0000000100000000)
  eden space 372736K, 4% used [0x00000000e0000000,0x00000000e10e1e30,0x00000000f6c00000)
  from space 33792K, 99% used [0x00000000f6c00000,0x00000000f8cf9040,0x00000000f8d00000)
  to   space 38400K, 0% used [0x00000000fda80000,0x00000000fda80000,0x0000000100000000)
 ParOldGen       total 161280K, used 38700K [0x00000000a0000000, 0x00000000a9d80000, 0x00000000e0000000)
  object space 161280K, 23% used [0x00000000a0000000,0x00000000a25cb050,0x00000000a9d80000)
 Metaspace       used 69857K, capacity 72216K, committed 72280K, reserved 1112064K
  class space    used 8950K, capacity 9540K, committed 9600K, reserved 1048576K

Card table byte_map: [0x0000000011aa0000,0x0000000011db0000] byte_map_base: 0x00000000115a0000

Marking Bits: (ParMarkBitMap*) 0x00000000682b4970
 Begin Bits: [0x0000000012500000, 0x0000000013d00000)
 End Bits:   [0x0000000013d00000, 0x0000000015500000)

Polling page: 0x0000000000330000

CodeCache: size=245760Kb used=39311Kb max_used=39330Kb free=206448Kb
 bounds [0x00000000026e0000, 0x0000000004d80000, 0x00000000116e0000]
 total_blobs=12067 nmethods=11246 adapters=732
 compilation: enabled

Compilation events (10 events):
Event: 155.844 Thread 0x0000000017bde800 nmethod 13922 0x0000000004d63c50 code [0x0000000004d63e80, 0x0000000004d64a08]
Event: 155.844 Thread 0x0000000017bde800 13923       3       com.android.ide.common.resources.configuration.TouchScreenQualifier::checkAndSet (34 bytes)
Event: 155.844 Thread 0x0000000017bde800 nmethod 13923 0x0000000004d65010 code [0x0000000004d651c0, 0x0000000004d65808]
Event: 155.844 Thread 0x0000000017bde800 13924       3       com.android.ide.common.resources.configuration.KeyboardStateQualifier::checkAndSet (34 bytes)
Event: 155.845 Thread 0x0000000017bde800 nmethod 13924 0x0000000004d65b90 code [0x0000000004d65d40, 0x0000000004d66368]
Event: 155.845 Thread 0x0000000017bde800 13925       3       com.android.ide.common.resources.configuration.TextInputMethodQualifier::checkAndSet (34 bytes)
Event: 155.856 Thread 0x0000000017bc0800 nmethod 13893 0x0000000004d6a290 code [0x0000000004d6a4e0, 0x0000000004d6b430]
Event: 155.856 Thread 0x0000000017bc0800 13939       4       com.sun.org.apache.xerces.internal.dom.DeferredDocumentImpl::getTypeInfo (99 bytes)
Event: 155.857 Thread 0x0000000017bc0800 nmethod 13939 0x0000000004d53950 code [0x0000000004d53aa0, 0x0000000004d53b98]
Event: 155.857 Thread 0x0000000017bc0800 13898       4       com.sun.org.apache.xerces.internal.dom.DeferredAttrNSImpl::synchronizeData (139 bytes)

GC Heap History (10 events):
Event: 28.750 GC heap before
{Heap before GC invocations=12 (full 2):
 PSYoungGen      total 276480K, used 85574K [0x00000000e0000000, 0x00000000f7100000, 0x0000000100000000)
  eden space 254464K, 24% used [0x00000000e0000000,0x00000000e3e160c8,0x00000000ef880000)
  from space 22016K, 99% used [0x00000000ef880000,0x00000000f0dfb998,0x00000000f0e00000)
  to   space 32256K, 0% used [0x00000000f5180000,0x00000000f5180000,0x00000000f7100000)
 ParOldGen       total 107008K, used 40241K [0x00000000a0000000, 0x00000000a6880000, 0x00000000e0000000)
  object space 107008K, 37% used [0x00000000a0000000,0x00000000a274c648,0x00000000a6880000)
 Metaspace       used 57184K, capacity 58890K, committed 59028K, reserved 1099776K
  class space    used 7645K, capacity 8079K, committed 8192K, reserved 1048576K
Event: 28.792 GC heap after
Heap after GC invocations=12 (full 2):
 PSYoungGen      total 344064K, used 23495K [0x00000000e0000000, 0x00000000f7c80000, 0x0000000100000000)
  eden space 311808K, 0% used [0x00000000e0000000,0x00000000e0000000,0x00000000f3080000)
  from space 32256K, 72% used [0x00000000f5180000,0x00000000f6871d38,0x00000000f7100000)
  to   space 33792K, 0% used [0x00000000f3080000,0x00000000f3080000,0x00000000f5180000)
 ParOldGen       total 107008K, used 40249K [0x00000000a0000000, 0x00000000a6880000, 0x00000000e0000000)
  object space 107008K, 37% used [0x00000000a0000000,0x00000000a274e648,0x00000000a6880000)
 Metaspace       used 57184K, capacity 58890K, committed 59028K, reserved 1099776K
  class space    used 7645K, capacity 8079K, committed 8192K, reserved 1048576K
}
Event: 28.792 GC heap before
{Heap before GC invocations=13 (full 3):
 PSYoungGen      total 344064K, used 23495K [0x00000000e0000000, 0x00000000f7c80000, 0x0000000100000000)
  eden space 311808K, 0% used [0x00000000e0000000,0x00000000e0000000,0x00000000f3080000)
  from space 32256K, 72% used [0x00000000f5180000,0x00000000f6871d38,0x00000000f7100000)
  to   space 33792K, 0% used [0x00000000f3080000,0x00000000f3080000,0x00000000f5180000)
 ParOldGen       total 107008K, used 40249K [0x00000000a0000000, 0x00000000a6880000, 0x00000000e0000000)
  object space 107008K, 37% used [0x00000000a0000000,0x00000000a274e648,0x00000000a6880000)
 Metaspace       used 57184K, capacity 58890K, committed 59028K, reserved 1099776K
  class space    used 7645K, capacity 8079K, committed 8192K, reserved 1048576K
Event: 29.065 GC heap after
Heap after GC invocations=13 (full 3):
 PSYoungGen      total 344064K, used 0K [0x00000000e0000000, 0x00000000f7c80000, 0x0000000100000000)
  eden space 311808K, 0% used [0x00000000e0000000,0x00000000e0000000,0x00000000f3080000)
  from space 32256K, 0% used [0x00000000f5180000,0x00000000f5180000,0x00000000f7100000)
  to   space 33792K, 0% used [0x00000000f3080000,0x00000000f3080000,0x00000000f5180000)
 ParOldGen       total 161280K, used 38614K [0x00000000a0000000, 0x00000000a9d80000, 0x00000000e0000000)
  object space 161280K, 23% used [0x00000000a0000000,0x00000000a25b5878,0x00000000a9d80000)
 Metaspace       used 57184K, capacity 58890K, committed 59028K, reserved 1099776K
  class space    used 7645K, capacity 8079K, committed 8192K, reserved 1048576K
}
Event: 48.324 GC heap before
{Heap before GC invocations=14 (full 3):
 PSYoungGen      total 344064K, used 311799K [0x00000000e0000000, 0x00000000f7c80000, 0x0000000100000000)
  eden space 311808K, 99% used [0x00000000e0000000,0x00000000f307dd00,0x00000000f3080000)
  from space 32256K, 0% used [0x00000000f5180000,0x00000000f5180000,0x00000000f7100000)
  to   space 33792K, 0% used [0x00000000f3080000,0x00000000f3080000,0x00000000f5180000)
 ParOldGen       total 161280K, used 38614K [0x00000000a0000000, 0x00000000a9d80000, 0x00000000e0000000)
  object space 161280K, 23% used [0x00000000a0000000,0x00000000a25b5878,0x00000000a9d80000)
 Metaspace       used 65756K, capacity 67788K, committed 67928K, reserved 1107968K
  class space    used 8531K, capacity 9046K, committed 9088K, reserved 1048576K
Event: 48.372 GC heap after
Heap after GC invocations=14 (full 3):
 PSYoungGen      total 345600K, used 20358K [0x00000000e0000000, 0x00000000fb900000, 0x0000000100000000)
  eden space 311808K, 0% used [0x00000000e0000000,0x00000000e0000000,0x00000000f3080000)
  from space 33792K, 60% used [0x00000000f3080000,0x00000000f44618f0,0x00000000f5180000)
  to   space 33792K, 0% used [0x00000000f9800000,0x00000000f9800000,0x00000000fb900000)
 ParOldGen       total 161280K, used 38638K [0x00000000a0000000, 0x00000000a9d80000, 0x00000000e0000000)
  object space 161280K, 23% used [0x00000000a0000000,0x00000000a25bb878,0x00000000a9d80000)
 Metaspace       used 65756K, capacity 67788K, committed 67928K, reserved 1107968K
  class space    used 8531K, capacity 9046K, committed 9088K, reserved 1048576K
}
Event: 152.123 GC heap before
{Heap before GC invocations=15 (full 3):
 PSYoungGen      total 345600K, used 332166K [0x00000000e0000000, 0x00000000fb900000, 0x0000000100000000)
  eden space 311808K, 100% used [0x00000000e0000000,0x00000000f3080000,0x00000000f3080000)
  from space 33792K, 60% used [0x00000000f3080000,0x00000000f44618f0,0x00000000f5180000)
  to   space 33792K, 0% used [0x00000000f9800000,0x00000000f9800000,0x00000000fb900000)
 ParOldGen       total 161280K, used 38638K [0x00000000a0000000, 0x00000000a9d80000, 0x00000000e0000000)
  object space 161280K, 23% used [0x00000000a0000000,0x00000000a25bb878,0x00000000a9d80000)
 Metaspace       used 69353K, capacity 71688K, committed 71768K, reserved 1112064K
  class space    used 8939K, capacity 9520K, committed 9600K, reserved 1048576K
Event: 152.184 GC heap after
Heap after GC invocations=15 (full 3):
 PSYoungGen      total 395264K, used 20135K [0x00000000e0000000, 0x00000000fae00000, 0x0000000100000000)
  eden space 372736K, 0% used [0x00000000e0000000,0x00000000e0000000,0x00000000f6c00000)
  from space 22528K, 89% used [0x00000000f9800000,0x00000000faba9fa0,0x00000000fae00000)
  to   space 33792K, 0% used [0x00000000f6c00000,0x00000000f6c00000,0x00000000f8d00000)
 ParOldGen       total 161280K, used 38646K [0x00000000a0000000, 0x00000000a9d80000, 0x00000000e0000000)
  object space 161280K, 23% used [0x00000000a0000000,0x00000000a25bd878,0x00000000a9d80000)
 Metaspace       used 69353K, capacity 71688K, committed 71768K, reserved 1112064K
  class space    used 8939K, capacity 9520K, committed 9600K, reserved 1048576K
}
Event: 155.689 GC heap before
{Heap before GC invocations=16 (full 3):
 PSYoungGen      total 395264K, used 392871K [0x00000000e0000000, 0x00000000fae00000, 0x0000000100000000)
  eden space 372736K, 100% used [0x00000000e0000000,0x00000000f6c00000,0x00000000f6c00000)
  from space 22528K, 89% used [0x00000000f9800000,0x00000000faba9fa0,0x00000000fae00000)
  to   space 33792K, 0% used [0x00000000f6c00000,0x00000000f6c00000,0x00000000f8d00000)
 ParOldGen       total 161280K, used 38646K [0x00000000a0000000, 0x00000000a9d80000, 0x00000000e0000000)
  object space 161280K, 23% used [0x00000000a0000000,0x00000000a25bd878,0x00000000a9d80000)
 Metaspace       used 69816K, capacity 72192K, committed 72280K, reserved 1112064K
  class space    used 8948K, capacity 9536K, committed 9600K, reserved 1048576K
Event: 155.725 GC heap after
Heap after GC invocations=16 (full 3):
 PSYoungGen      total 406528K, used 33764K [0x00000000e0000000, 0x0000000100000000, 0x0000000100000000)
  eden space 372736K, 0% used [0x00000000e0000000,0x00000000e0000000,0x00000000f6c00000)
  from space 33792K, 99% used [0x00000000f6c00000,0x00000000f8cf9040,0x00000000f8d00000)
  to   space 38400K, 0% used [0x00000000fda80000,0x00000000fda80000,0x0000000100000000)
 ParOldGen       total 161280K, used 38700K [0x00000000a0000000, 0x00000000a9d80000, 0x00000000e0000000)
  object space 161280K, 23% used [0x00000000a0000000,0x00000000a25cb050,0x00000000a9d80000)
 Metaspace       used 69816K, capacity 72192K, committed 72280K, reserved 1112064K
  class space    used 8948K, capacity 9536K, committed 9600K, reserved 1048576K
}

Deoptimization events (10 events):
Event: 154.136 Thread 0x0000000019a03800 Uncommon trap: reason=class_check action=maybe_recompile pc=0x0000000002ac5a8c method=java.util.AbstractMap.equals(Ljava/lang/Object;)Z @ 8
Event: 154.144 Thread 0x0000000019a03800 Uncommon trap: reason=unstable_if action=reinterpret pc=0x00000000031796c4 method=com.google.common.collect.AbstractMapBasedMultimap.wrapCollection(Ljava/lang/Object;Ljava/util/Collection;)Ljava/util/Collection; @ 4
Event: 154.144 Thread 0x0000000019a03800 Uncommon trap: reason=class_check action=maybe_recompile pc=0x0000000003179da8 method=com.google.common.collect.AbstractMapBasedMultimap$WrappedCollection.refreshIfEmpty()V @ 40
Event: 154.160 Thread 0x0000000019a03800 Uncommon trap: reason=unstable_if action=reinterpret pc=0x00000000033befac method=com.google.common.base.CharMatcher$IsEither.matches(C)Z @ 5
Event: 154.160 Thread 0x0000000019a03800 Uncommon trap: reason=bimorphic action=maybe_recompile pc=0x0000000004017c58 method=com.google.common.cache.LocalCache$Segment.expand()V @ 80
Event: 154.166 Thread 0x0000000019a03800 Uncommon trap: reason=bimorphic action=maybe_recompile pc=0x0000000004017c58 method=com.google.common.cache.LocalCache$Segment.expand()V @ 80
Event: 154.478 Thread 0x000000001e375000 Uncommon trap: reason=unstable_if action=reinterpret pc=0x0000000004954a78 method=org.gradle.internal.serialize.SetSerializer.createCollection(I)Ljava/util/Set; @ 12
Event: 155.450 Thread 0x000000001e375000 Uncommon trap: reason=array_check action=maybe_recompile pc=0x0000000004d29af4 method=java.util.TimSort.binarySort([Ljava/lang/Object;IIILjava/util/Comparator;)V @ 183
Event: 155.499 Thread 0x000000001e375000 Uncommon trap: reason=array_check action=maybe_recompile pc=0x0000000004d29af4 method=java.util.TimSort.binarySort([Ljava/lang/Object;IIILjava/util/Comparator;)V @ 183
Event: 155.807 Thread 0x000000001e375000 Uncommon trap: reason=unstable_if action=reinterpret pc=0x0000000003013c98 method=com.sun.org.apache.xerces.internal.impl.XMLEntityScanner.scanQName(Lcom/sun/org/apache/xerces/internal/xni/QName;Lcom/sun/org/apache/xerces/internal/impl/XMLScanner$NameType

Classes redefined (0 events):
No events

Internal exceptions (10 events):
Event: 153.066 Thread 0x0000000019a03800 Exception <a 'sun/nio/fs/WindowsException'> (0x00000000e40c04b8) thrown at [D:\src\AOSP-openjdk-cygwin\jdk8u\hotspot\src\share\vm\prims\jni.cpp, line 709]
Event: 153.066 Thread 0x0000000019a03800 Exception <a 'sun/nio/fs/WindowsException'> (0x00000000e40c11a8) thrown at [D:\src\AOSP-openjdk-cygwin\jdk8u\hotspot\src\share\vm\prims\jni.cpp, line 709]
Event: 153.066 Thread 0x0000000019a03800 Exception <a 'sun/nio/fs/WindowsException'> (0x00000000e40c3fd8) thrown at [D:\src\AOSP-openjdk-cygwin\jdk8u\hotspot\src\share\vm\prims\jni.cpp, line 709]
Event: 153.066 Thread 0x0000000019a03800 Exception <a 'sun/nio/fs/WindowsException'> (0x00000000e40c4cb0) thrown at [D:\src\AOSP-openjdk-cygwin\jdk8u\hotspot\src\share\vm\prims\jni.cpp, line 709]
Event: 153.066 Thread 0x0000000019a03800 Exception <a 'sun/nio/fs/WindowsException'> (0x00000000e40c69b8) thrown at [D:\src\AOSP-openjdk-cygwin\jdk8u\hotspot\src\share\vm\prims\jni.cpp, line 709]
Event: 153.066 Thread 0x0000000019a03800 Exception <a 'sun/nio/fs/WindowsException'> (0x00000000e40c76d0) thrown at [D:\src\AOSP-openjdk-cygwin\jdk8u\hotspot\src\share\vm\prims\jni.cpp, line 709]
Event: 153.066 Thread 0x0000000019a03800 Exception <a 'sun/nio/fs/WindowsException'> (0x00000000e40ca640) thrown at [D:\src\AOSP-openjdk-cygwin\jdk8u\hotspot\src\share\vm\prims\jni.cpp, line 709]
Event: 153.066 Thread 0x0000000019a03800 Exception <a 'sun/nio/fs/WindowsException'> (0x00000000e40cb388) thrown at [D:\src\AOSP-openjdk-cygwin\jdk8u\hotspot\src\share\vm\prims\jni.cpp, line 709]
Event: 153.066 Thread 0x0000000019a03800 Exception <a 'sun/nio/fs/WindowsException'> (0x00000000e40cd108) thrown at [D:\src\AOSP-openjdk-cygwin\jdk8u\hotspot\src\share\vm\prims\jni.cpp, line 709]
Event: 153.066 Thread 0x0000000019a03800 Exception <a 'sun/nio/fs/WindowsException'> (0x00000000e40cde90) thrown at [D:\src\AOSP-openjdk-cygwin\jdk8u\hotspot\src\share\vm\prims\jni.cpp, line 709]

Events (10 events):
Event: 155.512 Executing VM operation: RevokeBias done
Event: 155.512 Executing VM operation: RevokeBias
Event: 155.512 Executing VM operation: RevokeBias done
Event: 155.689 Executing VM operation: ParallelGCFailedAllocation
Event: 155.725 Executing VM operation: ParallelGCFailedAllocation done
Event: 155.726 Executing VM operation: RevokeBias
Event: 155.726 Executing VM operation: RevokeBias done
Event: 155.807 Thread 0x000000001e375000 Uncommon trap: trap_request=0xffffff65 fr.pc=0x0000000003013c98
Event: 155.807 Thread 0x000000001e375000 DEOPT PACKING pc=0x0000000003013c98 sp=0x000000002321c790
Event: 155.807 Thread 0x000000001e375000 DEOPT UNPACKING pc=0x000000000272557b sp=0x000000002321c740 mode 2


Dynamic libraries:
0x000000013fa90000 - 0x000000013fac1000 	C:\Program Files\Android\Android Studio\jre\bin\java.exe
0x00000000775e0000 - 0x0000000077789000 	C:\Windows\SYSTEM32\ntdll.dll
0x00000000774c0000 - 0x00000000775df000 	C:\Windows\system32\kernel32.dll
0x000007fefd5e0000 - 0x000007fefd64b000 	C:\Windows\system32\KERNELBASE.dll
0x000007fefde50000 - 0x000007fefdf2b000 	C:\Windows\system32\ADVAPI32.dll
0x000007fefe440000 - 0x000007fefe4df000 	C:\Windows\system32\msvcrt.dll
0x000007fefe1e0000 - 0x000007fefe1ff000 	C:\Windows\SYSTEM32\sechost.dll
0x000007feff7c0000 - 0x000007feff8ed000 	C:\Windows\system32\RPCRT4.dll
0x00000000773c0000 - 0x00000000774ba000 	C:\Windows\system32\USER32.dll
0x000007fefda40000 - 0x000007fefdaa7000 	C:\Windows\system32\GDI32.dll
0x000007fefd980000 - 0x000007fefd98e000 	C:\Windows\system32\LPK.dll
0x000007fefe110000 - 0x000007fefe1d9000 	C:\Windows\system32\USP10.dll
0x000007fefbd10000 - 0x000007fefbf04000 	C:\Windows\WinSxS\amd64_microsoft.windows.common-controls_6595b64144ccf1df_6.0.7601.17514_none_fa396087175ac9ac\COMCTL32.dll
0x000007fefddd0000 - 0x000007fefde41000 	C:\Windows\system32\SHLWAPI.dll
0x000007feff530000 - 0x000007feff55e000 	C:\Windows\system32\IMM32.DLL
0x000007fefe200000 - 0x000007fefe309000 	C:\Windows\system32\MSCTF.dll
0x0000000052fc0000 - 0x0000000053092000 	C:\Program Files\Android\Android Studio\jre\jre\bin\msvcr100.dll
0x0000000067af0000 - 0x000000006832f000 	C:\Program Files\Android\Android Studio\jre\jre\bin\server\jvm.dll
0x000007feef2d0000 - 0x000007feef2d9000 	C:\Windows\system32\WSOCK32.dll
0x000007fefd9f0000 - 0x000007fefda3d000 	C:\Windows\system32\WS2_32.dll
0x000007fefe6f0000 - 0x000007fefe6f8000 	C:\Windows\system32\NSI.dll
0x000007fefb160000 - 0x000007fefb19b000 	C:\Windows\system32\WINMM.dll
0x000007fefc6b0000 - 0x000007fefc6bc000 	C:\Windows\system32\VERSION.dll
0x00000000777b0000 - 0x00000000777b7000 	C:\Windows\system32\PSAPI.DLL
0x000007feee120000 - 0x000007feee12f000 	C:\Program Files\Android\Android Studio\jre\jre\bin\verify.dll
0x000007feee0f0000 - 0x000007feee119000 	C:\Program Files\Android\Android Studio\jre\jre\bin\java.dll
0x000007feee0d0000 - 0x000007feee0e6000 	C:\Program Files\Android\Android Studio\jre\jre\bin\zip.dll
0x000007fefe700000 - 0x000007feff488000 	C:\Windows\system32\SHELL32.dll
0x000007fefe4e0000 - 0x000007fefe6e3000 	C:\Windows\system32\ole32.dll
0x000007fefd530000 - 0x000007fefd53f000 	C:\Windows\system32\profapi.dll
0x000007feee0b0000 - 0x000007feee0ca000 	C:\Program Files\Android\Android Studio\jre\jre\bin\net.dll
0x000007fefcd60000 - 0x000007fefcdb5000 	C:\Windows\system32\mswsock.dll
0x000007fefcd50000 - 0x000007fefcd57000 	C:\Windows\System32\wship6.dll
0x000007feee090000 - 0x000007feee0a1000 	C:\Program Files\Android\Android Studio\jre\jre\bin\nio.dll
0x000007feeb980000 - 0x000007feeb99e000 	C:\Users\EFF-4\.gradle\native\25\windows-amd64\native-platform.dll
0x000007feedce0000 - 0x000007feedced000 	C:\Program Files\Android\Android Studio\jre\jre\bin\management.dll
0x000007fefcdc0000 - 0x000007fefcdd7000 	C:\Windows\system32\CRYPTSP.dll
0x000007fefcac0000 - 0x000007fefcb07000 	C:\Windows\system32\rsaenh.dll
0x000007fefc8e0000 - 0x000007fefc8fe000 	C:\Windows\system32\USERENV.dll
0x000007fefd3c0000 - 0x000007fefd3cf000 	C:\Windows\system32\CRYPTBASE.dll
0x000007fefc680000 - 0x000007fefc6a7000 	C:\Windows\system32\IPHLPAPI.DLL
0x000007fefc670000 - 0x000007fefc67b000 	C:\Windows\system32\WINNSI.DLL
0x000007feface0000 - 0x000007fefacf1000 	C:\Windows\system32\dhcpcsvc6.DLL
0x000007fefc5d0000 - 0x000007fefc5e8000 	C:\Windows\system32\dhcpcsvc.DLL
0x000007fefd470000 - 0x000007fefd4c7000 	C:\Windows\system32\apphelp.dll
0x000007feef5c0000 - 0x000007feef6e5000 	C:\Windows\system32\dbghelp.dll

VM Arguments:
jvm_args: -Xmx1536m -Dfile.encoding=UTF-8 -Duser.country=US -Duser.language=en -Duser.variant 
java_command: org.gradle.launcher.daemon.bootstrap.GradleDaemon 4.4
java_class_path (initial): C:\Users\EFF-4\.gradle\wrapper\dists\gradle-4.4-all\9br9xq1tocpiv8o6njlyu5op1\gradle-4.4\lib\gradle-launcher-4.4.jar
Launcher Type: SUN_STANDARD

Environment Variables:
PATH=C:\ProgramData\Oracle\Java\javapath;C:\Windows\system32;C:\Windows;C:\Windows\System32\Wbem;C:\Windows\System32\WindowsPowerShell\v1.0\;c:\Program Files (x86)\Microsoft SQL Server\100\Tools\Binn\;c:\Program Files\Microsoft SQL Server\100\Tools\Binn\;c:\Program Files\Microsoft SQL Server\100\DTS\Binn\;c:\Program Files (x86)\Microsoft SQL Server\100\Tools\Binn\VSShell\Common7\IDE\;c:\Program Files (x86)\Microsoft SQL Server\100\DTS\Binn\;C:\Program Files (x86)\Skype\Phone\;C:\Program Files\Java\jdk1.8.0_91\bin;C:\adb;C:\Program Files\nodejs\;C:\Program Files\Microsoft SQL Server\130\Tools\Binn\;C:\Program Files\dotnet\;C:\Windows\System32\WindowsPowerShell\v1.0\;C:\Windows\system32\config\systemprofile\.dnx\bin;C:\Program Files\Microsoft DNX\Dnvm\;C:\Users\EFF-4\AppData\Roaming\npm
USERNAME=EFF-4
OS=Windows_NT
PROCESSOR_IDENTIFIER=Intel64 Family 6 Model 42 Stepping 7, GenuineIntel



---------------  S Y S T E M  ---------------

OS: Windows 7 , 64 bit Build 7601 (6.1.7601.18015)

CPU:total 4 (initial active 4) (2 cores per cpu, 2 threads per core) family 6 model 42 stepping 7, cmov, cx8, fxsr, mmx, sse, sse2, sse3, ssse3, sse4.1, sse4.2, popcnt, avx, clmul, ht, tsc, tscinvbit

Memory: 4k page, physical 8274984k(1976564k free), swap 16548104k(9749252k free)

vm_info: OpenJDK 64-Bit Server VM (25.152-b02) for windows-amd64 JRE (1.8.0_152-release-1024-b02), built by "builder" with MS VC++ 10.0 (VS2010)

time: Thu Dec 06 12:02:42 2018
elapsed time: 155 seconds (0d 0h 2m 35s)

